TN:
SF:breton_cretenet\__init__.py
DA:1,1,1B2M2Y8AsgTpgAmY7PhCfg
LF:0
LH:1
end_of_record
TN:
SF:breton_cretenet\algorithm.py
DA:5,1,IWWjrCeOtk8NNtrE95++2g
DA:6,1,wbex0Ytf94b7jE0u9OATig
DA:7,1,U/nL+ot2ZSN87wkhvCRjyg
DA:8,1,ByUmZBmU7iMvkOzxpW6n7A
DA:9,1,WNNYPSrxuMJpzoKPLtOnpw
DA:10,1,NzrqNsk5twKwDqJMloryig
DA:13,1,blgo7jTt0H0miZIEfO0i7w
DA:37,1,dPf73nswXkQ05jLpvDc8oQ
DA:39,1,cPibFTlD6XeNp2pZyHnZ/w
DA:40,1,qqZuHnEQobnHbHICMTwUBQ
DA:42,1,AWz09tKeKNclLlFiV8NFmQ
DA:45,1,mq1XgF8NOOQZD+btB5ea0Q
DA:75,1,dPf73nswXkQ05jLpvDc8oQ
DA:77,1,8U3RQLMCOeh0DUwuNk9oZA
DA:80,1,qqZuHnEQobnHbHICMTwUBQ
DA:82,1,AWz09tKeKNclLlFiV8NFmQ
DA:85,1,PW4EbRnqW23s+EABKpBpjQ
DA:105,1,1NfCg5CtuOf7RFjFfN3OUw
DA:106,1,G0SJEC+9bZejmR5zu5t+hg
DA:107,1,cRvsv+f0PMaEfTy5PNQeJw
DA:110,1,uJtV02BnJnPzOJ37rhZB0w
DA:144,1,PvZbAXuTJx352oFKnlNcKQ
DA:145,1,dVt3wqyo2NoiNP+0fImZgg
DA:147,1,B2jV+ZXVd5EYQ4nKzlcakQ
DA:149,1,wFXxSo19t4fncXsCHftF9w
DA:157,1,dPf73nswXkQ05jLpvDc8oQ
DA:158,1,iLlj3HZMwVuxMzPoCpPpxA
DA:160,1,ZTZRydw0+bw37gUYQmE97g
DA:163,1,Hi0PaC/xUsiTJwRW4aOWqQ
DA:164,1,F8VWgToFYwxvbEi/pOX6JA
DA:165,1,PiAUeNNq5WSNgIgO/CNm7A
DA:166,1,fxBe9cyAhehYx2a+6opP+A
DA:168,1,FZkWxpLvxUP7NlzPnYwk3A
DA:175,1,MUVXz5hbsuPjpXaQWG+wdw
DA:197,1,mlOj7NsYtigkKZIxdI/sSQ
LF:35
LH:35
end_of_record
TN:
SF:breton_cretenet\data_preparator.py
DA:1,1,7Z9Lj4ed27Wf2hBX6jooEA
DA:2,1,p7hNY1S5rX9QtYADf+cK4g
DA:3,1,xKE7DGS/Zqk0X3UPG1Zm+w
DA:5,1,IWWjrCeOtk8NNtrE95++2g
DA:6,1,wbex0Ytf94b7jE0u9OATig
DA:7,1,S7RENsJZ7lrrSt3TQSCrlA
DA:10,1,CHdULUoCi679FtzpUfm8Iw
DA:35,1,we3LP7FsTeOZMyf6TVb6iQ
DA:36,1,9E7KcBJt+8x8Bl4JzMCtZA
DA:38,1,XkV6nyJjGT8aUnDLXi3R1Q
DA:41,1,9iBEpxyXAXh+if3bjRym4w
DA:44,1,dVICxRm5k9lnCWXFJQTbbg
DA:71,1,SinFLRMGSolQdbqY/qsIbw
DA:72,1,N3YICWf+NZ2+OZIIVlKPRw
DA:73,1,hAQmIYkvm5TMKrHVADsUPw
DA:74,1,q69BgoYcvTP6qgXEy5FmUA
DA:79,1,HXI1Fr/ITk7LQo+F2w1tVQ
DA:105,1,ldvEnGqccAhFjMmkh1EkYQ
DA:106,1,CAM3JjC/Xu2wCjwUlbR1tA
DA:107,1,u72fnceOkS5Jj4SIIwg0rg
DA:111,1,+8AsNjvJBzw43F19ZWHNMQ
DA:112,1,pUid5epxorqN4hhw2Fmaag
DA:115,1,fSDmeNXw5Wh514lUSj0eWw
DA:116,1,u72fnceOkS5Jj4SIIwg0rg
DA:119,1,/MaRLkBGqxKcSQMXD1gzww
DA:131,1,FrJrRdwRTcxyQ1E+VzMjwA
DA:132,1,9SMT5PyWiOCD4i9332Q2xA
DA:135,1,pIYFK1bPEY7b+mKiW0rueg
DA:138,1,FZrpSomt9cFfFG8amX/VAA
DA:141,1,liXejTndx3CJ6F7KnymPnA
DA:142,1,QLMmhaTd+bv+UtMrT9IPSg
DA:143,1,n2PuYhhF1/vfAFlMiDQDDw
DA:145,1,cGgqGNMOmIl1NLe0uF2URA
DA:148,1,xKvgkes2QajnDMlTdczWQw
DA:149,1,3ikpuy9Okmk9/BBjly4vjg
DA:150,1,sOvtOfk75TbAtTgkgicGHg
DA:153,1,Rt2XujyVWheTIJH1O6R4lg
DA:154,1,Tx7Qnpjxi/a0wGQ5+Gh9Og
DA:155,1,7a6iEiO6Zzu8yfez5LxOyQ
DA:158,1,Y2tIARTy8HwdLwlBzK8zkw
DA:159,1,Peg9U+LkiCRc1k1iEBRyOA
DA:160,1,NOy7lTS8YMBitD5vyjqQ6w
DA:161,1,rkvdsRBgQF8bVDZKv3Bvew
DA:162,1,a7llA/a4JwUe+ydkrAN3pg
DA:76,0,MczmZoePcJL5J68t+ypcHQ
LF:45
LH:44
end_of_record
TN:
SF:breton_cretenet\data_preprocessor.py
DA:1,1,wbex0Ytf94b7jE0u9OATig
DA:2,1,LQiiFXKnNH7vU3CfLI841w
DA:10,1,rZKgY1p20wInpRhvU8X7iQ
DA:31,1,9IK5vE4ybpalB+M3YucIZA
DA:32,1,QLlzVsSrHA1Y5bdt8xzMCg
DA:33,1,3lkDahrTasFXIGCXnkfRKg
DA:34,1,AdzaIO0IiBC0fMgcR5M1HQ
DA:37,1,6IPj33l79krVYw19iNiN5A
DA:38,1,k7vZl+sKd4xhxwx1OTafXg
DA:40,1,hE1d6Ac84BtqyZvgJqz5Bw
DA:44,1,QLlzVsSrHA1Y5bdt8xzMCg
DA:46,1,Ccg8R/G1N5JxWpCjh65Esw
DA:47,1,WUXtqlMJZzUbLMalFRQwyg
DA:48,1,ZDKFrfedKsb7bBK6yve1mw
DA:51,1,LQGaT2goGBn3ItdCr0Uniw
DA:74,1,sxbZ9DhqT6RMq+MGOKG7SQ
DA:75,1,cFqvDC7ceskg/dBHyDKtmQ
DA:77,1,YldDiT6OCXSStb/jU53aWQ
DA:78,1,xTgaaG+39uwO0BgoOG1ElQ
DA:80,1,x117jRgXlZZH9c8qbMXnXw
LF:20
LH:20
end_of_record
TN:
SF:breton_cretenet\main.py
DA:1,1,UK6mfWrMcVFUe5fumx/PbA
DA:2,1,7Z9Lj4ed27Wf2hBX6jooEA
DA:4,1,IWWjrCeOtk8NNtrE95++2g
DA:5,1,wbex0Ytf94b7jE0u9OATig
DA:6,1,SLMkh1tJPBcMjo/8vVVTAw
DA:8,1,2UV9r3fKNV7hiDxkEx/QGA
DA:11,1,n42AdTwqbtvgqV6diWD2AA
DA:43,1,6+MExRS1ZwgETRIIEbA57Q
DA:45,1,9bBwIaSnGbn7+QjXg+vmPw
DA:50,1,lOVHxHlbX2nHMszeqnT0YA
DA:64,1,lOVHxHlbX2nHMszeqnT0YA
DA:71,1,lOVHxHlbX2nHMszeqnT0YA
DA:78,1,lOVHxHlbX2nHMszeqnT0YA
DA:86,1,lOVHxHlbX2nHMszeqnT0YA
DA:93,1,lOVHxHlbX2nHMszeqnT0YA
DA:101,1,lOVHxHlbX2nHMszeqnT0YA
DA:108,1,lOVHxHlbX2nHMszeqnT0YA
DA:121,1,gP5xjNEU8WX3AEldOswunw
DA:124,1,8X05Xkrm/L+6l57Y8bKumg
DA:133,1,fv6a4RpZauSJWXoNk1X/fA
DA:135,1,QmAbqLcrFrwIJpvjmrtA0g
DA:136,1,7VsbjWQOx3BDyI/daxu0XA
DA:137,1,vis/+sQD0bKKe79Sx/pJLg
DA:140,1,0HhC4BlblRG+eAZ8n2pXUg
DA:141,1,2pDnwMzheosNSthofDjEZQ
DA:143,1,8gZJaJFqQQjLZqSMGJK3KA
DA:144,1,u0zf8BRwXGeCo+Ao957ztw
DA:145,1,I7MuDzV+zPuYBgZjyZeKIQ
DA:146,1,QmAbqLcrFrwIJpvjmrtA0g
DA:147,1,myNjOj8TQdPesKMT93PmvQ
DA:148,1,qrDguPmFqKgeAKyI0rNEzg
DA:149,1,Qy0J3xH8tObYn/yYF7P7vA
DA:150,1,w2sPasvElrgyDaTEPhgLVQ
DA:152,1,WW++3bTS7wzTBod0CQrzsA
DA:157,1,QmAbqLcrFrwIJpvjmrtA0g
DA:158,1,hE1d6Ac84BtqyZvgJqz5Bw
DA:163,1,fn7hIW/t1o30eDZcECqtcg
DA:166,1,oyh5akw4Huy/9iEZ1FA1ng
DA:169,1,xLU5HERTYNIC2s1PkhdmRA
DA:170,1,yHug5DfxLKbcd2AEXoeqtw
DA:171,1,wI7pnEOhgLPdKfZDrZecIA
DA:174,1,1tBc8VGMaTTK5f3w6UE1Ig
DA:177,1,QmAbqLcrFrwIJpvjmrtA0g
DA:178,1,DSLHmehpodoNWap1NhABoA
DA:179,1,+ZIuuNGPH10gYnh5Uow/0w
DA:182,1,xLU5HERTYNIC2s1PkhdmRA
DA:183,1,yHug5DfxLKbcd2AEXoeqtw
DA:184,1,xl2VQVi/EQNpWbTLZc6fiQ
DA:187,1,1tBc8VGMaTTK5f3w6UE1Ig
DA:190,1,zulh1gSOTsLe2cim/1Psdg
DA:191,1,B/h5Zhev/uJcoFQ67g/3eQ
DA:192,1,jTlh/9hA/Y6aoaKHkEVwzA
DA:193,1,KguPUkfTEG2OKW9i4Zd7BA
DA:196,1,qrDguPmFqKgeAKyI0rNEzg
DA:197,1,fDXNExLRJZBonJv0rct9rA
DA:200,1,c5J0tvXPDht5lSTKA1TzNw
DA:201,1,b7hoTFYdrcOTvxEBIKxfug
DA:202,1,B/h5Zhev/uJcoFQ67g/3eQ
DA:203,1,ECAwmfzt+khz/2DvUQoC+A
DA:204,1,0BARPnBC7qRWPcLEPsvEIg
DA:209,1,B/h5Zhev/uJcoFQ67g/3eQ
DA:210,1,grEIGgRlhMw9InTAy7FsjA
DA:211,1,aZHHEeXuV8xlFH/v4+0XdQ
DA:212,1,B/h5Zhev/uJcoFQ67g/3eQ
DA:213,1,caixFF2BGhsDJHMRoFyDKg
DA:214,1,ZHgmDsfqjE1lVjgReaFR7A
DA:223,1,B/h5Zhev/uJcoFQ67g/3eQ
DA:224,1,mngNkPA1hJMaIwHOtG4RYw
DA:227,1,QmAbqLcrFrwIJpvjmrtA0g
DA:228,1,HDWcDTu8PHBeWA56VbR+Vw
DA:229,1,MtOhByOTfvdA2WwK0nETOg
DA:230,1,vkqoJqLgeoeUOnnbi9oPmQ
DA:233,1,wone1dReGOsVggbRkDbbyg
DA:237,1,3SIjyBdLTY21KAfHlCwc6w
DA:238,1,8MdYkzizaI3f/bO4kNjJ3w
DA:241,1,X8rRfTJjbpWwQEgmuFO/Bw
DA:242,1,xdOymId/01+wu1a6MZLVTA
DA:248,1,xQVNdxAJxuGw1z9RcZmDQw
DA:173,0,tKiYsWbJlxhOqG4BQSPUQQ
DA:186,0,tKiYsWbJlxhOqG4BQSPUQQ
DA:249,0,2loYFqKsWTLg8EsfxY4sxw
LF:81
LH:78
end_of_record
TN:
SF:breton_cretenet\test.py
DA:1,1,7Z9Lj4ed27Wf2hBX6jooEA
DA:3,1,IWWjrCeOtk8NNtrE95++2g
DA:4,1,6EqVyswJtxIE+9LVqyxOlA
DA:5,1,4UUBjh9oS2rnLjxoF3MU4g
DA:6,1,NzrqNsk5twKwDqJMloryig
DA:8,1,WmcOfLC27hF99bKkw3/TqQ
DA:11,1,LAW60T2p7dXzBLvjw3tB6Q
DA:24,1,TeOugOqUquqJdO2RnTbUrQ
DA:25,1,qhPoFcmzepCQcbsuLLdStA
DA:26,1,USwS5tJlCx/hBi+Y1f+SfQ
DA:29,1,MTm/0CXIth3egZHvFR0mcQ
DA:41,1,Y1krnlTLHjjZR3dzMWaGWw
DA:42,1,X+J8C6EsY/PmG7132dmZXQ
DA:44,1,BHyzqJu5DfyYf3iBF2oQ9g
DA:47,1,BHyzqJu5DfyYf3iBF2oQ9g
DA:51,1,jZ8nwjMjSmlcik/VSqFr1g
DA:52,1,EZRqlGNZVKvN1OphgEbcyQ
DA:53,1,mg/EvqU9RHpmUowPTllG8Q
DA:54,1,KI/Oc/Js1nE/Hh3nmjdehQ
DA:55,1,pIljCvXFoQK92RKQxS5PXA
DA:58,1,ofvm3XHeIdU9IDvLeUp45w
DA:70,1,Y1krnlTLHjjZR3dzMWaGWw
DA:71,1,ECudUFxy47PKtgGlJq8J/A
DA:72,1,7f+/WgPEBAjSVXWaWsM7XQ
DA:76,1,XA7ed1Kr8IonhTXTE7YHKw
DA:77,1,RqUqHC13+BCEmRe8KYUgdA
DA:78,1,ZNTHGd6ZB4hDyGlK610lLg
DA:79,1,BoUG5vy+hUp1PR+xB8QT3g
DA:82,1,4GZcZu1uc8Im6srD+h108g
DA:94,1,Y1krnlTLHjjZR3dzMWaGWw
DA:95,1,we3LP7FsTeOZMyf6TVb6iQ
DA:96,1,9E7KcBJt+8x8Bl4JzMCtZA
DA:97,1,ECudUFxy47PKtgGlJq8J/A
DA:99,1,dv36szWMph/0TatS7O/lXw
DA:100,1,jd2n28AvP336AbSOvVKFxw
DA:101,1,yHaEL1EJxaOdRTFw0qx34w
DA:102,1,cDRYwYkkR5PtmlQlcCzuiA
DA:105,1,fsmd6+CzGE4qGDKcYSwh0g
DA:118,1,dpIqgkOWmucWYA6Rvf4Sxg
DA:119,1,pXfd0c+81WN+yKfT6MCuvQ
DA:120,1,EhmIkuvSt53ydmUE102MTg
DA:121,1,T2plIhSzzOX1w15pJKFW9g
DA:122,1,f9RR+0GLfEEIs9cIMMlTWw
DA:125,1,bBAF+QpN/R2LMa6mUnhgCg
DA:138,1,dpIqgkOWmucWYA6Rvf4Sxg
DA:139,1,pXfd0c+81WN+yKfT6MCuvQ
DA:140,1,EhmIkuvSt53ydmUE102MTg
DA:141,1,hB5ONkU+kBFXhs73Ugp+5g
DA:142,1,ZHdA8PQwlIE63xYk7cMccQ
DA:145,1,o86C8lFxuWjCm/7/WXfjtQ
DA:148,1,4ikRu4WNeyrq79mT+5wtUw
DA:161,1,dpIqgkOWmucWYA6Rvf4Sxg
DA:162,1,pXfd0c+81WN+yKfT6MCuvQ
DA:163,1,EhmIkuvSt53ydmUE102MTg
DA:164,1,T2plIhSzzOX1w15pJKFW9g
DA:166,1,wo/cg4dRDZ9amT9U5nfvxA
DA:167,1,WOTBTG1xRRfOVgbtuaslsQ
DA:168,1,f6J7U8iWb0PlYhMdXXmQYA
DA:169,1,0p6jvo/VvZPVyVRemrvcmw
DA:170,1,Dm4BZEWKv3pUUHLUojEkaQ
DA:173,1,M2nnye7sqJLAJKBocUyJzQ
DA:185,1,J1QSko7EN3RjFAQHyKu8kw
DA:186,1,8iD6BDyKbCzmavzlPYn6Lg
DA:187,1,pXfd0c+81WN+yKfT6MCuvQ
DA:188,1,qJv0Rr3aGKZacJ+8vmE0pQ
DA:189,1,kM1cuKm/6bew//4litGq8A
DA:196,1,4CXcHffMlf4E9N0yeT05uA
DA:197,1,yTvweRgq/xOipfKEAFO+Xw
DA:200,1,Wj/Ws99ua9dHMmekN335wQ
DA:212,1,B6SIWN/28u6+LjrTv7yR/Q
DA:213,1,Pkbsh+J7yXnlfxCE0bH6Rg
DA:214,1,ZcpeyNI5DJlEDUwx6KK97g
DA:215,1,Dpt1z/iQ458ePknZdkFFfQ
DA:216,1,j8eUBTzDrc1ONfuuyHII5A
DA:217,1,LQf7+AiU23ntrzwqhK+BMQ
DA:218,1,Zrg10JDQ4DPDMG3idBkR9w
DA:221,1,4gP8jZYed7mm/6Viu3cnQg
DA:222,1,VTMX6PgS9xvRT+m4Iu1xDQ
DA:225,1,8TRoNYTxnf50p+QFQEdr1g
DA:237,1,B6SIWN/28u6+LjrTv7yR/Q
DA:238,1,Pkbsh+J7yXnlfxCE0bH6Rg
DA:239,1,7cOvNJvtkUHhl1VX10o5/A
DA:240,1,S8Pfq73KCftIXd9ehdGGvA
DA:241,1,SC59ULgJtGbaJSXSKJbIrA
DA:242,1,BtpWBsrAVh259uI4rRDlfQ
DA:243,1,Zrg10JDQ4DPDMG3idBkR9w
DA:246,1,w9BYWwfdn4tpSaSd5x/IWA
DA:247,1,ZjIT4dTXjfVbEfPB0LMyKQ
DA:250,1,X2OhhOSu8cTn0ehUCWiZqg
DA:262,1,B6SIWN/28u6+LjrTv7yR/Q
DA:263,1,Pkbsh+J7yXnlfxCE0bH6Rg
DA:264,1,Z59KZE/zC8s6bYhTitjYdQ
DA:265,1,atD72PWP4gxcU0cYBM0Hzg
DA:268,1,ZNxnwMOtjTuwc5okKMrycQ
DA:269,1,kp6UUv5sQds3paMPJFJdhA
DA:270,1,Zrg10JDQ4DPDMG3idBkR9w
DA:273,1,PBRGEcV3BOL4iKkhOzVNng
DA:274,1,dBTqYPbAVH9Hl2NFsxUMYA
DA:275,1,omCDkQkfb+CeEC7ymyzN/Q
DA:278,1,DYdAIPXxJk3+N8Az7vi3Wg
DA:290,1,nHrcXulkHo2vNP2Wpr4EVQ
DA:291,1,qL5NuGTO9JUScgKF8/pNdQ
DA:292,1,sONd1HHqoLwjOWef7x24Gw
DA:293,1,OdzULRXg0zb+nEZnJ/gvBg
DA:294,1,UzUQE4+seSzpbDxs3VscKg
DA:309,1,TjySX75kt6YTErz3BZLTxA
DA:312,1,3pWXENM1ajx0nyvHIeeZow
DA:315,1,hU+IqowmpQ91H6pFe0LuBQ
DA:327,1,B6SIWN/28u6+LjrTv7yR/Q
DA:328,1,Pkbsh+J7yXnlfxCE0bH6Rg
DA:329,1,ZcpeyNI5DJlEDUwx6KK97g
DA:330,1,Dpt1z/iQ458ePknZdkFFfQ
DA:331,1,j8eUBTzDrc1ONfuuyHII5A
DA:332,1,LQf7+AiU23ntrzwqhK+BMQ
DA:333,1,Zrg10JDQ4DPDMG3idBkR9w
DA:336,1,4gP8jZYed7mm/6Viu3cnQg
DA:337,1,VTMX6PgS9xvRT+m4Iu1xDQ
DA:340,1,nAtfKI1tmr57jkkr7I5wBQ
DA:353,1,ag1BO11yRhqDrM2EkTL90w
DA:354,1,l/PB/0BXfSw7chq1Jolngw
DA:355,1,QtTVybtykKGsyyQLRSrF+A
DA:356,1,LJzSB+UPB9tgNU75ZGrW/w
DA:359,1,sEzJ8183YeERsSPIzZwwvA
DA:360,1,YGxbpYLfOMw4ES3uwq9hGQ
DA:365,1,5jP7HvQSQ18J5yIMSa2LTQ
DA:367,1,jlUe+lVgMXmvmbCrLQ1McQ
DA:368,1,McIxviAZg5BBTV22cj/SVA
DA:386,1,piMcPOrfXCZnZP1n8EZfFw
DA:387,1,5bC0tAt2K5ZecWXbvARdsw
DA:405,1,sEzJ8183YeERsSPIzZwwvA
DA:406,1,A3TIucaEhtVDOAYWYMsY2A
DA:409,1,TJrtazMWOTD/q8ZfSqy/Qw
DA:410,1,TLJUyOEW9P72VQSHKzO92g
DA:411,1,DBb+lDQoWTUuiDF9ItBRfA
DA:412,1,bXm5rsWhVOorjcsJGkBviQ
DA:413,1,qvgbtyA1Gc37aI0lvOE/OA
DA:414,1,/61s1Bim4+Qi6BpZkcBm0w
DA:415,1,afdLNqHfgo8uMz9JSPAZdA
DA:416,1,vyWZovepLVjVT6q4at/s4Q
DA:417,1,G3VKd8oBXkSqQP85D2jULw
DA:447,1,9GgvMPSVgplOYs1B51QAcg
DA:448,1,6F7N3611HeUwa8XEk6UyKA
DA:449,1,4lbBKud0FH4q6/koHK02+g
DA:466,1,kCxLEgjhMRuXcwa5mlLIKA
DA:426,0,4lbBKud0FH4q6/koHK02+g
DA:442,0,tgOp3YLnjogECb3yzxfiFQ
DA:443,0,fcEz4rLSkigGmTO2UkTing
DA:444,0,kCxLEgjhMRuXcwa5mlLIKA
LF:148
LH:144
end_of_record
